\BOOKMARK [1][-]{table.caption.2}{Table of Contents}{}% 1
\BOOKMARK [1][-]{section*.3}{List of Figures}{}% 2
\BOOKMARK [1][-]{section*.4}{List of Tables}{}% 3
\BOOKMARK [1][-]{section.1}{Introduction}{}% 4
\BOOKMARK [2][-]{subsection.1.1}{Purpose}{section.1}% 5
\BOOKMARK [2][-]{subsection.1.2}{Scope}{section.1}% 6
\BOOKMARK [3][-]{subsubsection.1.2.1}{Description of the problem}{subsection.1.2}% 7
\BOOKMARK [3][-]{subsubsection.1.2.2}{Proposed solution}{subsection.1.2}% 8
\BOOKMARK [3][-]{subsubsection.1.2.3}{Domain}{subsection.1.2}% 9
\BOOKMARK [3][-]{subsubsection.1.2.4}{Goals [Gn]}{subsection.1.2}% 10
\BOOKMARK [2][-]{subsection.1.3}{Definitions, Acronyms, Abbreviations}{section.1}% 11
\BOOKMARK [3][-]{subsubsection.1.3.1}{Definitions}{subsection.1.3}% 12
\BOOKMARK [3][-]{subsubsection.1.3.2}{Acronyms}{subsection.1.3}% 13
\BOOKMARK [3][-]{subsubsection.1.3.3}{Abbreviations}{subsection.1.3}% 14
\BOOKMARK [2][-]{subsection.1.4}{Revision History}{section.1}% 15
\BOOKMARK [2][-]{subsection.1.5}{Reference Documents}{section.1}% 16
\BOOKMARK [2][-]{subsection.1.6}{Document Structure}{section.1}% 17
\BOOKMARK [1][-]{section.2}{Overall Description}{}% 18
\BOOKMARK [2][-]{subsection.2.1}{Product perspective}{section.2}% 19
\BOOKMARK [3][-]{subsubsection.2.1.1}{Internal structure}{subsection.2.1}% 20
\BOOKMARK [3][-]{subsubsection.2.1.2}{Scenarios}{subsection.2.1}% 21
\BOOKMARK [2][-]{subsection.2.2}{Product functions}{section.2}% 22
\BOOKMARK [3][-]{subsubsection.2.2.1}{Generating a scannable QR code}{subsection.2.2}% 23
\BOOKMARK [3][-]{subsubsection.2.2.2}{Managing available shopping time slots}{subsection.2.2}% 24
\BOOKMARK [3][-]{subsubsection.2.2.3}{Calculating average waiting time}{subsection.2.2}% 25
\BOOKMARK [3][-]{subsubsection.2.2.4}{Calculating time needed to get to the store}{subsection.2.2}% 26
\BOOKMARK [2][-]{subsection.2.3}{User characteristics}{section.2}% 27
\BOOKMARK [3][-]{subsubsection.2.3.1}{User}{subsection.2.3}% 28
\BOOKMARK [3][-]{subsubsection.2.3.2}{Store manager}{subsection.2.3}% 29
\BOOKMARK [3][-]{subsubsection.2.3.3}{System manager}{subsection.2.3}% 30
\BOOKMARK [3][-]{subsubsection.2.3.4}{Physical customer}{subsection.2.3}% 31
\BOOKMARK [2][-]{subsection.2.4}{Assumptions, dependencies and constants}{section.2}% 32
\BOOKMARK [3][-]{subsubsection.2.4.1}{Assumptions}{subsection.2.4}% 33
\BOOKMARK [3][-]{subsubsection.2.4.2}{Dependencies and constraints}{subsection.2.4}% 34
\BOOKMARK [1][-]{section.3}{Specific Requirements}{}% 35
\BOOKMARK [2][-]{subsection.3.1}{External Interface Requirements}{section.3}% 36
\BOOKMARK [3][-]{subsubsection.3.1.1}{User Interfaces}{subsection.3.1}% 37
\BOOKMARK [3][-]{subsubsection.3.1.2}{Hardware Interfaces}{subsection.3.1}% 38
\BOOKMARK [3][-]{subsubsection.3.1.3}{Software Interfaces}{subsection.3.1}% 39
\BOOKMARK [3][-]{subsubsection.3.1.4}{Communication Interfaces}{subsection.3.1}% 40
\BOOKMARK [2][-]{subsection.3.2}{Functional Requirements}{section.3}% 41
\BOOKMARK [3][-]{subsubsection.3.2.1}{Use cases}{subsection.3.2}% 42
\BOOKMARK [3][-]{subsubsection.3.2.2}{Use case diagrams}{subsection.3.2}% 43
\BOOKMARK [3][-]{subsubsection.3.2.3}{Sequence diagrams}{subsection.3.2}% 44
\BOOKMARK [2][-]{subsection.3.3}{Performance requirements}{section.3}% 45
\BOOKMARK [2][-]{subsection.3.4}{Design constraints}{section.3}% 46
\BOOKMARK [3][-]{subsubsection.3.4.1}{Standards compliance}{subsection.3.4}% 47
\BOOKMARK [3][-]{subsubsection.3.4.2}{Hardware limitations}{subsection.3.4}% 48
\BOOKMARK [3][-]{subsubsection.3.4.3}{Privacy limitations}{subsection.3.4}% 49
\BOOKMARK [2][-]{subsection.3.5}{Software system attributes}{section.3}% 50
\BOOKMARK [3][-]{subsubsection.3.5.1}{Reliability and availability}{subsection.3.5}% 51
\BOOKMARK [3][-]{subsubsection.3.5.2}{Security}{subsection.3.5}% 52
\BOOKMARK [3][-]{subsubsection.3.5.3}{Maintainability}{subsection.3.5}% 53
\BOOKMARK [3][-]{subsubsection.3.5.4}{Portability}{subsection.3.5}% 54
\BOOKMARK [1][-]{section.4}{Formal Analysis Using Alloy}{}% 55
\BOOKMARK [1][-]{section.5}{Effort Spent}{}% 56
