\BOOKMARK [1][-]{table.caption.2}{Table of Contents}{}% 1
\BOOKMARK [1][-]{section*.3}{List of Figures}{}% 2
\BOOKMARK [1][-]{section*.4}{List of Tables}{}% 3
\BOOKMARK [1][-]{section.1}{Introduction}{}% 4
\BOOKMARK [2][-]{subsection.1.1}{Purpose}{section.1}% 5
\BOOKMARK [2][-]{subsection.1.2}{Scope}{section.1}% 6
\BOOKMARK [2][-]{subsection.1.3}{Definitions, Acronyms, Abbreviations}{section.1}% 7
\BOOKMARK [3][-]{subsubsection.1.3.1}{Definitions}{subsection.1.3}% 8
\BOOKMARK [3][-]{subsubsection.1.3.2}{Acronyms}{subsection.1.3}% 9
\BOOKMARK [3][-]{subsubsection.1.3.3}{Abbreviations}{subsection.1.3}% 10
\BOOKMARK [2][-]{subsection.1.4}{Revision History}{section.1}% 11
\BOOKMARK [2][-]{subsection.1.5}{Reference Documents}{section.1}% 12
\BOOKMARK [2][-]{subsection.1.6}{Document Structure}{section.1}% 13
\BOOKMARK [1][-]{section.2}{Requirements}{}% 14
\BOOKMARK [2][-]{subsection.2.1}{Idea of requirements implementation}{section.2}% 15
\BOOKMARK [2][-]{subsection.2.2}{Original project requirements}{section.2}% 16
\BOOKMARK [2][-]{subsection.2.3}{Requirements implementation}{section.2}% 17
\BOOKMARK [1][-]{section.3}{Adopted Development Frameworks}{}% 18
\BOOKMARK [2][-]{subsection.3.1}{Adopted programming languages and frameworks}{section.3}% 19
\BOOKMARK [2][-]{subsection.3.2}{Adopted additional algorithms and middleware}{section.3}% 20
\BOOKMARK [2][-]{subsection.3.3}{Database model}{section.3}% 21
\BOOKMARK [1][-]{section.4}{Code Structure}{}% 22
\BOOKMARK [2][-]{subsection.4.1}{Classes, Interfaces, and Enumerations}{section.4}% 23
\BOOKMARK [2][-]{subsection.4.2}{Code examples}{section.4}% 24
\BOOKMARK [1][-]{section.5}{Testing}{}% 25
\BOOKMARK [2][-]{subsection.5.1}{Unit testing}{section.5}% 26
\BOOKMARK [2][-]{subsection.5.2}{Firebase testing}{section.5}% 27
\BOOKMARK [2][-]{subsection.5.3}{Security testing}{section.5}% 28
\BOOKMARK [1][-]{section.6}{Installation Instructions}{}% 29
