\BOOKMARK [1][-]{table.caption.2}{Table of Contents}{}% 1
\BOOKMARK [1][-]{section*.3}{List of Figures}{}% 2
\BOOKMARK [1][-]{section*.4}{List of Tables}{}% 3
\BOOKMARK [1][-]{section.1}{Introduction}{}% 4
\BOOKMARK [2][-]{subsection.1.1}{Purpose}{section.1}% 5
\BOOKMARK [2][-]{subsection.1.2}{Scope}{section.1}% 6
\BOOKMARK [2][-]{subsection.1.3}{Definitions, Acronyms, Abbreviations}{section.1}% 7
\BOOKMARK [3][-]{subsubsection.1.3.1}{Definitions}{subsection.1.3}% 8
\BOOKMARK [3][-]{subsubsection.1.3.2}{Acronyms}{subsection.1.3}% 9
\BOOKMARK [3][-]{subsubsection.1.3.3}{Abbreviations}{subsection.1.3}% 10
\BOOKMARK [2][-]{subsection.1.4}{Revision History}{section.1}% 11
\BOOKMARK [2][-]{subsection.1.5}{Reference Documents}{section.1}% 12
\BOOKMARK [2][-]{subsection.1.6}{Document Structure}{section.1}% 13
\BOOKMARK [1][-]{section.2}{Architectural Design}{}% 14
\BOOKMARK [2][-]{subsection.2.1}{Overview}{section.2}% 15
\BOOKMARK [2][-]{subsection.2.2}{Component view}{section.2}% 16
\BOOKMARK [2][-]{subsection.2.3}{Deployment view}{section.2}% 17
\BOOKMARK [2][-]{subsection.2.4}{Runtime view}{section.2}% 18
\BOOKMARK [3][-]{subsubsection.2.4.1}{Book a visit}{subsection.2.4}% 19
\BOOKMARK [3][-]{subsubsection.2.4.2}{Retrieve a number }{subsection.2.4}% 20
\BOOKMARK [3][-]{subsubsection.2.4.3}{Store manager login}{subsection.2.4}% 21
\BOOKMARK [2][-]{subsection.2.5}{Component interfaces}{section.2}% 22
\BOOKMARK [2][-]{subsection.2.6}{Selected architectural styles and patterns}{section.2}% 23
\BOOKMARK [2][-]{subsection.2.7}{Other design decisions}{section.2}% 24
\BOOKMARK [1][-]{section.3}{User Interface Design}{}% 25
\BOOKMARK [2][-]{subsection.3.1}{Overview}{section.3}% 26
\BOOKMARK [2][-]{subsection.3.2}{Proposed design}{section.3}% 27
\BOOKMARK [1][-]{section.4}{Requirements Traceability}{}% 28
\BOOKMARK [1][-]{section.5}{Implementation, Integration and Test Plan}{}% 29
\BOOKMARK [2][-]{subsection.5.1}{Overview}{section.5}% 30
\BOOKMARK [3][-]{subsubsection.5.1.1}{Importance of features}{subsection.5.1}% 31
\BOOKMARK [2][-]{subsection.5.2}{Implementation}{section.5}% 32
\BOOKMARK [2][-]{subsection.5.3}{Integration strategy}{section.5}% 33
\BOOKMARK [2][-]{subsection.5.4}{Testing}{section.5}% 34
\BOOKMARK [1][-]{section.6}{Effort Spent}{}% 35
